<?xml version="1.0" encoding="UTF-8"?>
<testng-results ignored="0" total="1" passed="1" failed="0" skipped="0">
  <reporter-output>
  </reporter-output>
  <suite started-at="2024-10-03T06:44:30Z" name="Default suite" finished-at="2024-10-03T06:44:33Z" duration-ms="3167">
    <groups>
    </groups>
    <test started-at="2024-10-03T06:44:30Z" name="Default test" finished-at="2024-10-03T06:44:33Z" duration-ms="3167">
      <class name="pruebang.selTest">
        <test-method signature="test01()[pri:0, instance:pruebang.selTest@5a5a729f]" started-at="2024-10-03T00:44:30Z" name="test01" finished-at="2024-10-03T00:44:33Z" duration-ms="3151" status="PASS">
          <reporter-output>
          </reporter-output>
        </test-method> <!-- test01 -->
      </class> <!-- pruebang.selTest -->
    </test> <!-- Default test -->
  </suite> <!-- Default suite -->
</testng-results>
